aagazarian@Maksyms-MBP homework_24 % docker-compose up -d
Creating network "homework_24_default" with the default driver
Creating volume "homework_24_postgres-db-data" with default driver
Creating homework_24_database_1 ... done
Creating homework_24_adminer_1  ... done
aagazarian@Maksyms-MBP homework_24 % docker-compose logs
Attaching to homework_24_database_1, homework_24_adminer_1
database_1  | The files belonging to this database system will be owned by user "postgres".
database_1  | This user must also own the server process.
database_1  |
database_1  | The database cluster will be initialized with locale "en_US.utf8".
database_1  | The default database encoding has accordingly been set to "UTF8".
database_1  | The default text search configuration will be set to "english".
database_1  |
database_1  | Data page checksums are disabled.
database_1  |
database_1  | fixing permissions on existing directory /var/lib/postgresql/data ... ok
database_1  | creating subdirectories ... ok
database_1  | selecting dynamic shared memory implementation ... posix
database_1  | selecting default max_connections ... 100
database_1  | selecting default shared_buffers ... 128MB
database_1  | selecting default time zone ... Etc/UTC
database_1  | creating configuration files ... ok
database_1  | running bootstrap script ... ok
database_1  | performing post-bootstrap initialization ... ok
database_1  | syncing data to disk ... ok
database_1  |
database_1  |
database_1  | Success. You can now start the database server using:
database_1  |
database_1  |     pg_ctl -D /var/lib/postgresql/data -l logfile start
database_1  |
database_1  | initdb: warning: enabling "trust" authentication for local connections
database_1  | You can change this by editing pg_hba.conf or using the option -A, or
database_1  | --auth-local and --auth-host, the next time you run initdb.
database_1  | waiting for server to start....2021-11-08 21:17:27.457 UTC [50] LOG:  starting PostgreSQL 14.0 (Debian 14.0-1.pgdg110+1) on x86_64-pc-linux-gnu, compiled by gcc (Debian 10.2.1-6) 10.2.1 20210110, 64-bit
database_1  | 2021-11-08 21:17:27.458 UTC [50] LOG:  listening on Unix socket "/var/run/postgresql/.s.PGSQL.5432"
database_1  | 2021-11-08 21:17:27.465 UTC [51] LOG:  database system was shut down at 2021-11-08 21:17:27 UTC
database_1  | 2021-11-08 21:17:27.470 UTC [50] LOG:  database system is ready to accept connections
database_1  |  done
database_1  | server started
database_1  | CREATE DATABASE
database_1  |
database_1  |
database_1  | /usr/local/bin/docker-entrypoint.sh: ignoring /docker-entrypoint-initdb.d/*
database_1  |
database_1  | 2021-11-08 21:17:27.820 UTC [50] LOG:  received fast shutdown request
database_1  | waiting for server to shut down....2021-11-08 21:17:27.822 UTC [50] LOG:  aborting any active transactions
database_1  | 2021-11-08 21:17:27.827 UTC [50] LOG:  background worker "logical replication launcher" (PID 57) exited with exit code 1
database_1  | 2021-11-08 21:17:27.827 UTC [52] LOG:  shutting down
database_1  | 2021-11-08 21:17:27.841 UTC [50] LOG:  database system is shut down
database_1  |  done
database_1  | server stopped
database_1  |
database_1  | PostgreSQL init process complete; ready for start up.
database_1  |
database_1  | 2021-11-08 21:17:27.954 UTC [1] LOG:  starting PostgreSQL 14.0 (Debian 14.0-1.pgdg110+1) on x86_64-pc-linux-gnu, compiled by gcc (Debian 10.2.1-6) 10.2.1 20210110, 64-bit
database_1  | 2021-11-08 21:17:27.954 UTC [1] LOG:  listening on IPv4 address "0.0.0.0", port 5432
database_1  | 2021-11-08 21:17:27.954 UTC [1] LOG:  listening on IPv6 address "::", port 5432
database_1  | 2021-11-08 21:17:27.957 UTC [1] LOG:  listening on Unix socket "/var/run/postgresql/.s.PGSQL.5432"
database_1  | 2021-11-08 21:17:27.962 UTC [64] LOG:  database system was shut down at 2021-11-08 21:17:27 UTC
database_1  | 2021-11-08 21:17:27.968 UTC [1] LOG:  database system is ready to accept connections
adminer_1   | [Mon Nov  8 21:17:25 2021] PHP 7.4.25 Development Server (http://[::]:8080) started
aagazarian@Maksyms-MBP homework_24 %
aagazarian@Maksyms-MBP homework_24 %
aagazarian@Maksyms-MBP homework_24 % docker ps -a
CONTAINER ID   IMAGE      COMMAND                  CREATED          STATUS          PORTS                    NAMES
e9bc3f987e23   postgres   "docker-entrypoint.s…"   44 seconds ago   Up 42 seconds   5432/tcp                 homework_24_database_1
644085750ac9   adminer    "entrypoint.sh docke…"   44 seconds ago   Up 42 seconds   0.0.0.0:8080->8080/tcp   homework_24_adminer_1
aagazarian@Maksyms-MBP homework_24 %